The system is: Linux - 3.13.0-83-generic - x86_64
Compiling the C compiler identification source file "CMakeCCompilerId.c" succeeded.
Compiler: /usr/bin/cc 
Build flags: 
Id flags: 

The output was:
0


Compilation of the C compiler identification source "CMakeCCompilerId.c" produced "a.out"

The C compiler identification is GNU, found in "/home/nhg/git/test_perception/src/squirrel_perception/dlib_lib/build/dlib-18.17/dlib/build/CMakeFiles/2.8.12.2/CompilerIdC/a.out"

Compiling the CXX compiler identification source file "CMakeCXXCompilerId.cpp" succeeded.
Compiler: /usr/bin/c++ 
Build flags: 
Id flags: 

The output was:
0


Compilation of the CXX compiler identification source "CMakeCXXCompilerId.cpp" produced "a.out"

The CXX compiler identification is GNU, found in "/home/nhg/git/test_perception/src/squirrel_perception/dlib_lib/build/dlib-18.17/dlib/build/CMakeFiles/2.8.12.2/CompilerIdCXX/a.out"

Determining if the C compiler works passed with the following output:
Change Dir: /home/nhg/git/test_perception/src/squirrel_perception/dlib_lib/build/dlib-18.17/dlib/build/CMakeFiles/CMakeTmp

Run Build Command:/usr/bin/make "cmTryCompileExec2327504466/fast"
make[4]: Entering directory `/home/nhg/git/test_perception/src/squirrel_perception/dlib_lib/build/dlib-18.17/dlib/build/CMakeFiles/CMakeTmp'
/usr/bin/make -f CMakeFiles/cmTryCompileExec2327504466.dir/build.make CMakeFiles/cmTryCompileExec2327504466.dir/build
make[5]: Entering directory `/home/nhg/git/test_perception/src/squirrel_perception/dlib_lib/build/dlib-18.17/dlib/build/CMakeFiles/CMakeTmp'
/usr/bin/cmake -E cmake_progress_report /home/nhg/git/test_perception/src/squirrel_perception/dlib_lib/build/dlib-18.17/dlib/build/CMakeFiles/CMakeTmp/CMakeFiles 1
Building C object CMakeFiles/cmTryCompileExec2327504466.dir/testCCompiler.c.o
/usr/bin/cc    -o CMakeFiles/cmTryCompileExec2327504466.dir/testCCompiler.c.o   -c /home/nhg/git/test_perception/src/squirrel_perception/dlib_lib/build/dlib-18.17/dlib/build/CMakeFiles/CMakeTmp/testCCompiler.c
Linking C executable cmTryCompileExec2327504466
/usr/bin/cmake -E cmake_link_script CMakeFiles/cmTryCompileExec2327504466.dir/link.txt --verbose=1
/usr/bin/cc       CMakeFiles/cmTryCompileExec2327504466.dir/testCCompiler.c.o  -o cmTryCompileExec2327504466 -rdynamic 
make[5]: Leaving directory `/home/nhg/git/test_perception/src/squirrel_perception/dlib_lib/build/dlib-18.17/dlib/build/CMakeFiles/CMakeTmp'
make[4]: Leaving directory `/home/nhg/git/test_perception/src/squirrel_perception/dlib_lib/build/dlib-18.17/dlib/build/CMakeFiles/CMakeTmp'


Detecting C compiler ABI info compiled with the following output:
Change Dir: /home/nhg/git/test_perception/src/squirrel_perception/dlib_lib/build/dlib-18.17/dlib/build/CMakeFiles/CMakeTmp

Run Build Command:/usr/bin/make "cmTryCompileExec32336348/fast"
make[4]: Entering directory `/home/nhg/git/test_perception/src/squirrel_perception/dlib_lib/build/dlib-18.17/dlib/build/CMakeFiles/CMakeTmp'
/usr/bin/make -f CMakeFiles/cmTryCompileExec32336348.dir/build.make CMakeFiles/cmTryCompileExec32336348.dir/build
make[5]: Entering directory `/home/nhg/git/test_perception/src/squirrel_perception/dlib_lib/build/dlib-18.17/dlib/build/CMakeFiles/CMakeTmp'
/usr/bin/cmake -E cmake_progress_report /home/nhg/git/test_perception/src/squirrel_perception/dlib_lib/build/dlib-18.17/dlib/build/CMakeFiles/CMakeTmp/CMakeFiles 1
Building C object CMakeFiles/cmTryCompileExec32336348.dir/CMakeCCompilerABI.c.o
/usr/bin/cc    -o CMakeFiles/cmTryCompileExec32336348.dir/CMakeCCompilerABI.c.o   -c /usr/share/cmake-2.8/Modules/CMakeCCompilerABI.c
Linking C executable cmTryCompileExec32336348
/usr/bin/cmake -E cmake_link_script CMakeFiles/cmTryCompileExec32336348.dir/link.txt --verbose=1
/usr/bin/cc     -v CMakeFiles/cmTryCompileExec32336348.dir/CMakeCCompilerABI.c.o  -o cmTryCompileExec32336348 -rdynamic  
Using built-in specs.
COLLECT_GCC=/usr/bin/cc
COLLECT_LTO_WRAPPER=/usr/lib/gcc/x86_64-linux-gnu/4.8/lto-wrapper
Target: x86_64-linux-gnu
Configured with: ../src/configure -v --with-pkgversion='Ubuntu 4.8.4-2ubuntu1~14.04.1' --with-bugurl=file:///usr/share/doc/gcc-4.8/README.Bugs --enable-languages=c,c++,java,go,d,fortran,objc,obj-c++ --prefix=/usr --program-suffix=-4.8 --enable-shared --enable-linker-build-id --libexecdir=/usr/lib --without-included-gettext --enable-threads=posix --with-gxx-include-dir=/usr/include/c++/4.8 --libdir=/usr/lib --enable-nls --with-sysroot=/ --enable-clocale=gnu --enable-libstdcxx-debug --enable-libstdcxx-time=yes --enable-gnu-unique-object --disable-libmudflap --enable-plugin --with-system-zlib --disable-browser-plugin --enable-java-awt=gtk --enable-gtk-cairo --with-java-home=/usr/lib/jvm/java-1.5.0-gcj-4.8-amd64/jre --enable-java-home --with-jvm-root-dir=/usr/lib/jvm/java-1.5.0-gcj-4.8-amd64 --with-jvm-jar-dir=/usr/lib/jvm-exports/java-1.5.0-gcj-4.8-amd64 --with-arch-directory=amd64 --with-ecj-jar=/usr/share/java/eclipse-ecj.jar --enable-objc-gc --enable-multiarch --disable-werror --with-arch-32=i686 --with-abi=m64 --with-multilib-list=m32,m64,mx32 --with-tune=generic --enable-checking=release --build=x86_64-linux-gnu --host=x86_64-linux-gnu --target=x86_64-linux-gnu
Thread model: posix
gcc version 4.8.4 (Ubuntu 4.8.4-2ubuntu1~14.04.1) 
COMPILER_PATH=/usr/lib/gcc/x86_64-linux-gnu/4.8/:/usr/lib/gcc/x86_64-linux-gnu/4.8/:/usr/lib/gcc/x86_64-linux-gnu/:/usr/lib/gcc/x86_64-linux-gnu/4.8/:/usr/lib/gcc/x86_64-linux-gnu/
LIBRARY_PATH=/usr/lib/gcc/x86_64-linux-gnu/4.8/:/usr/lib/gcc/x86_64-linux-gnu/4.8/../../../x86_64-linux-gnu/:/usr/lib/gcc/x86_64-linux-gnu/4.8/../../../../lib/:/lib/x86_64-linux-gnu/:/lib/../lib/:/usr/lib/x86_64-linux-gnu/:/usr/lib/../lib/:/usr/lib/gcc/x86_64-linux-gnu/4.8/../../../:/lib/:/usr/lib/
COLLECT_GCC_OPTIONS='-v' '-o' 'cmTryCompileExec32336348' '-rdynamic' '-mtune=generic' '-march=x86-64'
 /usr/lib/gcc/x86_64-linux-gnu/4.8/collect2 --sysroot=/ --build-id --eh-frame-hdr -m elf_x86_64 --hash-style=gnu --as-needed -export-dynamic -dynamic-linker /lib64/ld-linux-x86-64.so.2 -z relro -o cmTryCompileExec32336348 /usr/lib/gcc/x86_64-linux-gnu/4.8/../../../x86_64-linux-gnu/crt1.o /usr/lib/gcc/x86_64-linux-gnu/4.8/../../../x86_64-linux-gnu/crti.o /usr/lib/gcc/x86_64-linux-gnu/4.8/crtbegin.o -L/usr/lib/gcc/x86_64-linux-gnu/4.8 -L/usr/lib/gcc/x86_64-linux-gnu/4.8/../../../x86_64-linux-gnu -L/usr/lib/gcc/x86_64-linux-gnu/4.8/../../../../lib -L/lib/x86_64-linux-gnu -L/lib/../lib -L/usr/lib/x86_64-linux-gnu -L/usr/lib/../lib -L/usr/lib/gcc/x86_64-linux-gnu/4.8/../../.. CMakeFiles/cmTryCompileExec32336348.dir/CMakeCCompilerABI.c.o -lgcc --as-needed -lgcc_s --no-as-needed -lc -lgcc --as-needed -lgcc_s --no-as-needed /usr/lib/gcc/x86_64-linux-gnu/4.8/crtend.o /usr/lib/gcc/x86_64-linux-gnu/4.8/../../../x86_64-linux-gnu/crtn.o
make[5]: Leaving directory `/home/nhg/git/test_perception/src/squirrel_perception/dlib_lib/build/dlib-18.17/dlib/build/CMakeFiles/CMakeTmp'
make[4]: Leaving directory `/home/nhg/git/test_perception/src/squirrel_perception/dlib_lib/build/dlib-18.17/dlib/build/CMakeFiles/CMakeTmp'


Parsed C implicit link information from above output:
  link line regex: [^( *|.*[/\])(ld|([^/\]+-)?ld|collect2)[^/\]*( |$)]
  ignore line: [Change Dir: /home/nhg/git/test_perception/src/squirrel_perception/dlib_lib/build/dlib-18.17/dlib/build/CMakeFiles/CMakeTmp]
  ignore line: []
  ignore line: [Run Build Command:/usr/bin/make "cmTryCompileExec32336348/fast"]
  ignore line: [make[4]: Entering directory `/home/nhg/git/test_perception/src/squirrel_perception/dlib_lib/build/dlib-18.17/dlib/build/CMakeFiles/CMakeTmp']
  ignore line: [/usr/bin/make -f CMakeFiles/cmTryCompileExec32336348.dir/build.make CMakeFiles/cmTryCompileExec32336348.dir/build]
  ignore line: [make[5]: Entering directory `/home/nhg/git/test_perception/src/squirrel_perception/dlib_lib/build/dlib-18.17/dlib/build/CMakeFiles/CMakeTmp']
  ignore line: [/usr/bin/cmake -E cmake_progress_report /home/nhg/git/test_perception/src/squirrel_perception/dlib_lib/build/dlib-18.17/dlib/build/CMakeFiles/CMakeTmp/CMakeFiles 1]
  ignore line: [Building C object CMakeFiles/cmTryCompileExec32336348.dir/CMakeCCompilerABI.c.o]
  ignore line: [/usr/bin/cc    -o CMakeFiles/cmTryCompileExec32336348.dir/CMakeCCompilerABI.c.o   -c /usr/share/cmake-2.8/Modules/CMakeCCompilerABI.c]
  ignore line: [Linking C executable cmTryCompileExec32336348]
  ignore line: [/usr/bin/cmake -E cmake_link_script CMakeFiles/cmTryCompileExec32336348.dir/link.txt --verbose=1]
  ignore line: [/usr/bin/cc     -v CMakeFiles/cmTryCompileExec32336348.dir/CMakeCCompilerABI.c.o  -o cmTryCompileExec32336348 -rdynamic  ]
  ignore line: [Using built-in specs.]
  ignore line: [COLLECT_GCC=/usr/bin/cc]
  ignore line: [COLLECT_LTO_WRAPPER=/usr/lib/gcc/x86_64-linux-gnu/4.8/lto-wrapper]
  ignore line: [Target: x86_64-linux-gnu]
  ignore line: [Configured with: ../src/configure -v --with-pkgversion='Ubuntu 4.8.4-2ubuntu1~14.04.1' --with-bugurl=file:///usr/share/doc/gcc-4.8/README.Bugs --enable-languages=c,c++,java,go,d,fortran,objc,obj-c++ --prefix=/usr --program-suffix=-4.8 --enable-shared --enable-linker-build-id --libexecdir=/usr/lib --without-included-gettext --enable-threads=posix --with-gxx-include-dir=/usr/include/c++/4.8 --libdir=/usr/lib --enable-nls --with-sysroot=/ --enable-clocale=gnu --enable-libstdcxx-debug --enable-libstdcxx-time=yes --enable-gnu-unique-object --disable-libmudflap --enable-plugin --with-system-zlib --disable-browser-plugin --enable-java-awt=gtk --enable-gtk-cairo --with-java-home=/usr/lib/jvm/java-1.5.0-gcj-4.8-amd64/jre --enable-java-home --with-jvm-root-dir=/usr/lib/jvm/java-1.5.0-gcj-4.8-amd64 --with-jvm-jar-dir=/usr/lib/jvm-exports/java-1.5.0-gcj-4.8-amd64 --with-arch-directory=amd64 --with-ecj-jar=/usr/share/java/eclipse-ecj.jar --enable-objc-gc --enable-multiarch --disable-werror --with-arch-32=i686 --with-abi=m64 --with-multilib-list=m32,m64,mx32 --with-tune=generic --enable-checking=release --build=x86_64-linux-gnu --host=x86_64-linux-gnu --target=x86_64-linux-gnu]
  ignore line: [Thread model: posix]
  ignore line: [gcc version 4.8.4 (Ubuntu 4.8.4-2ubuntu1~14.04.1) ]
  ignore line: [COMPILER_PATH=/usr/lib/gcc/x86_64-linux-gnu/4.8/:/usr/lib/gcc/x86_64-linux-gnu/4.8/:/usr/lib/gcc/x86_64-linux-gnu/:/usr/lib/gcc/x86_64-linux-gnu/4.8/:/usr/lib/gcc/x86_64-linux-gnu/]
  ignore line: [LIBRARY_PATH=/usr/lib/gcc/x86_64-linux-gnu/4.8/:/usr/lib/gcc/x86_64-linux-gnu/4.8/../../../x86_64-linux-gnu/:/usr/lib/gcc/x86_64-linux-gnu/4.8/../../../../lib/:/lib/x86_64-linux-gnu/:/lib/../lib/:/usr/lib/x86_64-linux-gnu/:/usr/lib/../lib/:/usr/lib/gcc/x86_64-linux-gnu/4.8/../../../:/lib/:/usr/lib/]
  ignore line: [COLLECT_GCC_OPTIONS='-v' '-o' 'cmTryCompileExec32336348' '-rdynamic' '-mtune=generic' '-march=x86-64']
  link line: [ /usr/lib/gcc/x86_64-linux-gnu/4.8/collect2 --sysroot=/ --build-id --eh-frame-hdr -m elf_x86_64 --hash-style=gnu --as-needed -export-dynamic -dynamic-linker /lib64/ld-linux-x86-64.so.2 -z relro -o cmTryCompileExec32336348 /usr/lib/gcc/x86_64-linux-gnu/4.8/../../../x86_64-linux-gnu/crt1.o /usr/lib/gcc/x86_64-linux-gnu/4.8/../../../x86_64-linux-gnu/crti.o /usr/lib/gcc/x86_64-linux-gnu/4.8/crtbegin.o -L/usr/lib/gcc/x86_64-linux-gnu/4.8 -L/usr/lib/gcc/x86_64-linux-gnu/4.8/../../../x86_64-linux-gnu -L/usr/lib/gcc/x86_64-linux-gnu/4.8/../../../../lib -L/lib/x86_64-linux-gnu -L/lib/../lib -L/usr/lib/x86_64-linux-gnu -L/usr/lib/../lib -L/usr/lib/gcc/x86_64-linux-gnu/4.8/../../.. CMakeFiles/cmTryCompileExec32336348.dir/CMakeCCompilerABI.c.o -lgcc --as-needed -lgcc_s --no-as-needed -lc -lgcc --as-needed -lgcc_s --no-as-needed /usr/lib/gcc/x86_64-linux-gnu/4.8/crtend.o /usr/lib/gcc/x86_64-linux-gnu/4.8/../../../x86_64-linux-gnu/crtn.o]
    arg [/usr/lib/gcc/x86_64-linux-gnu/4.8/collect2] ==> ignore
    arg [--sysroot=/] ==> ignore
    arg [--build-id] ==> ignore
    arg [--eh-frame-hdr] ==> ignore
    arg [-m] ==> ignore
    arg [elf_x86_64] ==> ignore
    arg [--hash-style=gnu] ==> ignore
    arg [--as-needed] ==> ignore
    arg [-export-dynamic] ==> ignore
    arg [-dynamic-linker] ==> ignore
    arg [/lib64/ld-linux-x86-64.so.2] ==> ignore
    arg [-zrelro] ==> ignore
    arg [-o] ==> ignore
    arg [cmTryCompileExec32336348] ==> ignore
    arg [/usr/lib/gcc/x86_64-linux-gnu/4.8/../../../x86_64-linux-gnu/crt1.o] ==> ignore
    arg [/usr/lib/gcc/x86_64-linux-gnu/4.8/../../../x86_64-linux-gnu/crti.o] ==> ignore
    arg [/usr/lib/gcc/x86_64-linux-gnu/4.8/crtbegin.o] ==> ignore
    arg [-L/usr/lib/gcc/x86_64-linux-gnu/4.8] ==> dir [/usr/lib/gcc/x86_64-linux-gnu/4.8]
    arg [-L/usr/lib/gcc/x86_64-linux-gnu/4.8/../../../x86_64-linux-gnu] ==> dir [/usr/lib/gcc/x86_64-linux-gnu/4.8/../../../x86_64-linux-gnu]
    arg [-L/usr/lib/gcc/x86_64-linux-gnu/4.8/../../../../lib] ==> dir [/usr/lib/gcc/x86_64-linux-gnu/4.8/../../../../lib]
    arg [-L/lib/x86_64-linux-gnu] ==> dir [/lib/x86_64-linux-gnu]
    arg [-L/lib/../lib] ==> dir [/lib/../lib]
    arg [-L/usr/lib/x86_64-linux-gnu] ==> dir [/usr/lib/x86_64-linux-gnu]
    arg [-L/usr/lib/../lib] ==> dir [/usr/lib/../lib]
    arg [-L/usr/lib/gcc/x86_64-linux-gnu/4.8/../../..] ==> dir [/usr/lib/gcc/x86_64-linux-gnu/4.8/../../..]
    arg [CMakeFiles/cmTryCompileExec32336348.dir/CMakeCCompilerABI.c.o] ==> ignore
    arg [-lgcc] ==> lib [gcc]
    arg [--as-needed] ==> ignore
    arg [-lgcc_s] ==> lib [gcc_s]
    arg [--no-as-needed] ==> ignore
    arg [-lc] ==> lib [c]
    arg [-lgcc] ==> lib [gcc]
    arg [--as-needed] ==> ignore
    arg [-lgcc_s] ==> lib [gcc_s]
    arg [--no-as-needed] ==> ignore
    arg [/usr/lib/gcc/x86_64-linux-gnu/4.8/crtend.o] ==> ignore
    arg [/usr/lib/gcc/x86_64-linux-gnu/4.8/../../../x86_64-linux-gnu/crtn.o] ==> ignore
  remove lib [gcc]
  remove lib [gcc_s]
  remove lib [gcc]
  remove lib [gcc_s]
  collapse library dir [/usr/lib/gcc/x86_64-linux-gnu/4.8] ==> [/usr/lib/gcc/x86_64-linux-gnu/4.8]
  collapse library dir [/usr/lib/gcc/x86_64-linux-gnu/4.8/../../../x86_64-linux-gnu] ==> [/usr/lib/x86_64-linux-gnu]
  collapse library dir [/usr/lib/gcc/x86_64-linux-gnu/4.8/../../../../lib] ==> [/usr/lib]
  collapse library dir [/lib/x86_64-linux-gnu] ==> [/lib/x86_64-linux-gnu]
  collapse library dir [/lib/../lib] ==> [/lib]
  collapse library dir [/usr/lib/x86_64-linux-gnu] ==> [/usr/lib/x86_64-linux-gnu]
  collapse library dir [/usr/lib/../lib] ==> [/usr/lib]
  collapse library dir [/usr/lib/gcc/x86_64-linux-gnu/4.8/../../..] ==> [/usr/lib]
  implicit libs: [c]
  implicit dirs: [/usr/lib/gcc/x86_64-linux-gnu/4.8;/usr/lib/x86_64-linux-gnu;/usr/lib;/lib/x86_64-linux-gnu;/lib]
  implicit fwks: []


Determining if the CXX compiler works passed with the following output:
Change Dir: /home/nhg/git/test_perception/src/squirrel_perception/dlib_lib/build/dlib-18.17/dlib/build/CMakeFiles/CMakeTmp

Run Build Command:/usr/bin/make "cmTryCompileExec4199935507/fast"
make[4]: Entering directory `/home/nhg/git/test_perception/src/squirrel_perception/dlib_lib/build/dlib-18.17/dlib/build/CMakeFiles/CMakeTmp'
/usr/bin/make -f CMakeFiles/cmTryCompileExec4199935507.dir/build.make CMakeFiles/cmTryCompileExec4199935507.dir/build
make[5]: Entering directory `/home/nhg/git/test_perception/src/squirrel_perception/dlib_lib/build/dlib-18.17/dlib/build/CMakeFiles/CMakeTmp'
/usr/bin/cmake -E cmake_progress_report /home/nhg/git/test_perception/src/squirrel_perception/dlib_lib/build/dlib-18.17/dlib/build/CMakeFiles/CMakeTmp/CMakeFiles 1
Building CXX object CMakeFiles/cmTryCompileExec4199935507.dir/testCXXCompiler.cxx.o
/usr/bin/c++     -o CMakeFiles/cmTryCompileExec4199935507.dir/testCXXCompiler.cxx.o -c /home/nhg/git/test_perception/src/squirrel_perception/dlib_lib/build/dlib-18.17/dlib/build/CMakeFiles/CMakeTmp/testCXXCompiler.cxx
Linking CXX executable cmTryCompileExec4199935507
/usr/bin/cmake -E cmake_link_script CMakeFiles/cmTryCompileExec4199935507.dir/link.txt --verbose=1
/usr/bin/c++        CMakeFiles/cmTryCompileExec4199935507.dir/testCXXCompiler.cxx.o  -o cmTryCompileExec4199935507 -rdynamic 
make[5]: Leaving directory `/home/nhg/git/test_perception/src/squirrel_perception/dlib_lib/build/dlib-18.17/dlib/build/CMakeFiles/CMakeTmp'
make[4]: Leaving directory `/home/nhg/git/test_perception/src/squirrel_perception/dlib_lib/build/dlib-18.17/dlib/build/CMakeFiles/CMakeTmp'


Detecting CXX compiler ABI info compiled with the following output:
Change Dir: /home/nhg/git/test_perception/src/squirrel_perception/dlib_lib/build/dlib-18.17/dlib/build/CMakeFiles/CMakeTmp

Run Build Command:/usr/bin/make "cmTryCompileExec1978584348/fast"
make[4]: Entering directory `/home/nhg/git/test_perception/src/squirrel_perception/dlib_lib/build/dlib-18.17/dlib/build/CMakeFiles/CMakeTmp'
/usr/bin/make -f CMakeFiles/cmTryCompileExec1978584348.dir/build.make CMakeFiles/cmTryCompileExec1978584348.dir/build
make[5]: Entering directory `/home/nhg/git/test_perception/src/squirrel_perception/dlib_lib/build/dlib-18.17/dlib/build/CMakeFiles/CMakeTmp'
/usr/bin/cmake -E cmake_progress_report /home/nhg/git/test_perception/src/squirrel_perception/dlib_lib/build/dlib-18.17/dlib/build/CMakeFiles/CMakeTmp/CMakeFiles 1
Building CXX object CMakeFiles/cmTryCompileExec1978584348.dir/CMakeCXXCompilerABI.cpp.o
/usr/bin/c++     -o CMakeFiles/cmTryCompileExec1978584348.dir/CMakeCXXCompilerABI.cpp.o -c /usr/share/cmake-2.8/Modules/CMakeCXXCompilerABI.cpp
Linking CXX executable cmTryCompileExec1978584348
/usr/bin/cmake -E cmake_link_script CMakeFiles/cmTryCompileExec1978584348.dir/link.txt --verbose=1
/usr/bin/c++      -v CMakeFiles/cmTryCompileExec1978584348.dir/CMakeCXXCompilerABI.cpp.o  -o cmTryCompileExec1978584348 -rdynamic  
Using built-in specs.
COLLECT_GCC=/usr/bin/c++
COLLECT_LTO_WRAPPER=/usr/lib/gcc/x86_64-linux-gnu/4.8/lto-wrapper
Target: x86_64-linux-gnu
Configured with: ../src/configure -v --with-pkgversion='Ubuntu 4.8.4-2ubuntu1~14.04.1' --with-bugurl=file:///usr/share/doc/gcc-4.8/README.Bugs --enable-languages=c,c++,java,go,d,fortran,objc,obj-c++ --prefix=/usr --program-suffix=-4.8 --enable-shared --enable-linker-build-id --libexecdir=/usr/lib --without-included-gettext --enable-threads=posix --with-gxx-include-dir=/usr/include/c++/4.8 --libdir=/usr/lib --enable-nls --with-sysroot=/ --enable-clocale=gnu --enable-libstdcxx-debug --enable-libstdcxx-time=yes --enable-gnu-unique-object --disable-libmudflap --enable-plugin --with-system-zlib --disable-browser-plugin --enable-java-awt=gtk --enable-gtk-cairo --with-java-home=/usr/lib/jvm/java-1.5.0-gcj-4.8-amd64/jre --enable-java-home --with-jvm-root-dir=/usr/lib/jvm/java-1.5.0-gcj-4.8-amd64 --with-jvm-jar-dir=/usr/lib/jvm-exports/java-1.5.0-gcj-4.8-amd64 --with-arch-directory=amd64 --with-ecj-jar=/usr/share/java/eclipse-ecj.jar --enable-objc-gc --enable-multiarch --disable-werror --with-arch-32=i686 --with-abi=m64 --with-multilib-list=m32,m64,mx32 --with-tune=generic --enable-checking=release --build=x86_64-linux-gnu --host=x86_64-linux-gnu --target=x86_64-linux-gnu
Thread model: posix
gcc version 4.8.4 (Ubuntu 4.8.4-2ubuntu1~14.04.1) 
COMPILER_PATH=/usr/lib/gcc/x86_64-linux-gnu/4.8/:/usr/lib/gcc/x86_64-linux-gnu/4.8/:/usr/lib/gcc/x86_64-linux-gnu/:/usr/lib/gcc/x86_64-linux-gnu/4.8/:/usr/lib/gcc/x86_64-linux-gnu/
LIBRARY_PATH=/usr/lib/gcc/x86_64-linux-gnu/4.8/:/usr/lib/gcc/x86_64-linux-gnu/4.8/../../../x86_64-linux-gnu/:/usr/lib/gcc/x86_64-linux-gnu/4.8/../../../../lib/:/lib/x86_64-linux-gnu/:/lib/../lib/:/usr/lib/x86_64-linux-gnu/:/usr/lib/../lib/:/usr/lib/gcc/x86_64-linux-gnu/4.8/../../../:/lib/:/usr/lib/
COLLECT_GCC_OPTIONS='-v' '-o' 'cmTryCompileExec1978584348' '-rdynamic' '-shared-libgcc' '-mtune=generic' '-march=x86-64'
 /usr/lib/gcc/x86_64-linux-gnu/4.8/collect2 --sysroot=/ --build-id --eh-frame-hdr -m elf_x86_64 --hash-style=gnu --as-needed -export-dynamic -dynamic-linker /lib64/ld-linux-x86-64.so.2 -z relro -o cmTryCompileExec1978584348 /usr/lib/gcc/x86_64-linux-gnu/4.8/../../../x86_64-linux-gnu/crt1.o /usr/lib/gcc/x86_64-linux-gnu/4.8/../../../x86_64-linux-gnu/crti.o /usr/lib/gcc/x86_64-linux-gnu/4.8/crtbegin.o -L/usr/lib/gcc/x86_64-linux-gnu/4.8 -L/usr/lib/gcc/x86_64-linux-gnu/4.8/../../../x86_64-linux-gnu -L/usr/lib/gcc/x86_64-linux-gnu/4.8/../../../../lib -L/lib/x86_64-linux-gnu -L/lib/../lib -L/usr/lib/x86_64-linux-gnu -L/usr/lib/../lib -L/usr/lib/gcc/x86_64-linux-gnu/4.8/../../.. CMakeFiles/cmTryCompileExec1978584348.dir/CMakeCXXCompilerABI.cpp.o -lstdc++ -lm -lgcc_s -lgcc -lc -lgcc_s -lgcc /usr/lib/gcc/x86_64-linux-gnu/4.8/crtend.o /usr/lib/gcc/x86_64-linux-gnu/4.8/../../../x86_64-linux-gnu/crtn.o
make[5]: Leaving directory `/home/nhg/git/test_perception/src/squirrel_perception/dlib_lib/build/dlib-18.17/dlib/build/CMakeFiles/CMakeTmp'
make[4]: Leaving directory `/home/nhg/git/test_perception/src/squirrel_perception/dlib_lib/build/dlib-18.17/dlib/build/CMakeFiles/CMakeTmp'


Parsed CXX implicit link information from above output:
  link line regex: [^( *|.*[/\])(ld|([^/\]+-)?ld|collect2)[^/\]*( |$)]
  ignore line: [Change Dir: /home/nhg/git/test_perception/src/squirrel_perception/dlib_lib/build/dlib-18.17/dlib/build/CMakeFiles/CMakeTmp]
  ignore line: []
  ignore line: [Run Build Command:/usr/bin/make "cmTryCompileExec1978584348/fast"]
  ignore line: [make[4]: Entering directory `/home/nhg/git/test_perception/src/squirrel_perception/dlib_lib/build/dlib-18.17/dlib/build/CMakeFiles/CMakeTmp']
  ignore line: [/usr/bin/make -f CMakeFiles/cmTryCompileExec1978584348.dir/build.make CMakeFiles/cmTryCompileExec1978584348.dir/build]
  ignore line: [make[5]: Entering directory `/home/nhg/git/test_perception/src/squirrel_perception/dlib_lib/build/dlib-18.17/dlib/build/CMakeFiles/CMakeTmp']
  ignore line: [/usr/bin/cmake -E cmake_progress_report /home/nhg/git/test_perception/src/squirrel_perception/dlib_lib/build/dlib-18.17/dlib/build/CMakeFiles/CMakeTmp/CMakeFiles 1]
  ignore line: [Building CXX object CMakeFiles/cmTryCompileExec1978584348.dir/CMakeCXXCompilerABI.cpp.o]
  ignore line: [/usr/bin/c++     -o CMakeFiles/cmTryCompileExec1978584348.dir/CMakeCXXCompilerABI.cpp.o -c /usr/share/cmake-2.8/Modules/CMakeCXXCompilerABI.cpp]
  ignore line: [Linking CXX executable cmTryCompileExec1978584348]
  ignore line: [/usr/bin/cmake -E cmake_link_script CMakeFiles/cmTryCompileExec1978584348.dir/link.txt --verbose=1]
  ignore line: [/usr/bin/c++      -v CMakeFiles/cmTryCompileExec1978584348.dir/CMakeCXXCompilerABI.cpp.o  -o cmTryCompileExec1978584348 -rdynamic  ]
  ignore line: [Using built-in specs.]
  ignore line: [COLLECT_GCC=/usr/bin/c++]
  ignore line: [COLLECT_LTO_WRAPPER=/usr/lib/gcc/x86_64-linux-gnu/4.8/lto-wrapper]
  ignore line: [Target: x86_64-linux-gnu]
  ignore line: [Configured with: ../src/configure -v --with-pkgversion='Ubuntu 4.8.4-2ubuntu1~14.04.1' --with-bugurl=file:///usr/share/doc/gcc-4.8/README.Bugs --enable-languages=c,c++,java,go,d,fortran,objc,obj-c++ --prefix=/usr --program-suffix=-4.8 --enable-shared --enable-linker-build-id --libexecdir=/usr/lib --without-included-gettext --enable-threads=posix --with-gxx-include-dir=/usr/include/c++/4.8 --libdir=/usr/lib --enable-nls --with-sysroot=/ --enable-clocale=gnu --enable-libstdcxx-debug --enable-libstdcxx-time=yes --enable-gnu-unique-object --disable-libmudflap --enable-plugin --with-system-zlib --disable-browser-plugin --enable-java-awt=gtk --enable-gtk-cairo --with-java-home=/usr/lib/jvm/java-1.5.0-gcj-4.8-amd64/jre --enable-java-home --with-jvm-root-dir=/usr/lib/jvm/java-1.5.0-gcj-4.8-amd64 --with-jvm-jar-dir=/usr/lib/jvm-exports/java-1.5.0-gcj-4.8-amd64 --with-arch-directory=amd64 --with-ecj-jar=/usr/share/java/eclipse-ecj.jar --enable-objc-gc --enable-multiarch --disable-werror --with-arch-32=i686 --with-abi=m64 --with-multilib-list=m32,m64,mx32 --with-tune=generic --enable-checking=release --build=x86_64-linux-gnu --host=x86_64-linux-gnu --target=x86_64-linux-gnu]
  ignore line: [Thread model: posix]
  ignore line: [gcc version 4.8.4 (Ubuntu 4.8.4-2ubuntu1~14.04.1) ]
  ignore line: [COMPILER_PATH=/usr/lib/gcc/x86_64-linux-gnu/4.8/:/usr/lib/gcc/x86_64-linux-gnu/4.8/:/usr/lib/gcc/x86_64-linux-gnu/:/usr/lib/gcc/x86_64-linux-gnu/4.8/:/usr/lib/gcc/x86_64-linux-gnu/]
  ignore line: [LIBRARY_PATH=/usr/lib/gcc/x86_64-linux-gnu/4.8/:/usr/lib/gcc/x86_64-linux-gnu/4.8/../../../x86_64-linux-gnu/:/usr/lib/gcc/x86_64-linux-gnu/4.8/../../../../lib/:/lib/x86_64-linux-gnu/:/lib/../lib/:/usr/lib/x86_64-linux-gnu/:/usr/lib/../lib/:/usr/lib/gcc/x86_64-linux-gnu/4.8/../../../:/lib/:/usr/lib/]
  ignore line: [COLLECT_GCC_OPTIONS='-v' '-o' 'cmTryCompileExec1978584348' '-rdynamic' '-shared-libgcc' '-mtune=generic' '-march=x86-64']
  link line: [ /usr/lib/gcc/x86_64-linux-gnu/4.8/collect2 --sysroot=/ --build-id --eh-frame-hdr -m elf_x86_64 --hash-style=gnu --as-needed -export-dynamic -dynamic-linker /lib64/ld-linux-x86-64.so.2 -z relro -o cmTryCompileExec1978584348 /usr/lib/gcc/x86_64-linux-gnu/4.8/../../../x86_64-linux-gnu/crt1.o /usr/lib/gcc/x86_64-linux-gnu/4.8/../../../x86_64-linux-gnu/crti.o /usr/lib/gcc/x86_64-linux-gnu/4.8/crtbegin.o -L/usr/lib/gcc/x86_64-linux-gnu/4.8 -L/usr/lib/gcc/x86_64-linux-gnu/4.8/../../../x86_64-linux-gnu -L/usr/lib/gcc/x86_64-linux-gnu/4.8/../../../../lib -L/lib/x86_64-linux-gnu -L/lib/../lib -L/usr/lib/x86_64-linux-gnu -L/usr/lib/../lib -L/usr/lib/gcc/x86_64-linux-gnu/4.8/../../.. CMakeFiles/cmTryCompileExec1978584348.dir/CMakeCXXCompilerABI.cpp.o -lstdc++ -lm -lgcc_s -lgcc -lc -lgcc_s -lgcc /usr/lib/gcc/x86_64-linux-gnu/4.8/crtend.o /usr/lib/gcc/x86_64-linux-gnu/4.8/../../../x86_64-linux-gnu/crtn.o]
    arg [/usr/lib/gcc/x86_64-linux-gnu/4.8/collect2] ==> ignore
    arg [--sysroot=/] ==> ignore
    arg [--build-id] ==> ignore
    arg [--eh-frame-hdr] ==> ignore
    arg [-m] ==> ignore
    arg [elf_x86_64] ==> ignore
    arg [--hash-style=gnu] ==> ignore
    arg [--as-needed] ==> ignore
    arg [-export-dynamic] ==> ignore
    arg [-dynamic-linker] ==> ignore
    arg [/lib64/ld-linux-x86-64.so.2] ==> ignore
    arg [-zrelro] ==> ignore
    arg [-o] ==> ignore
    arg [cmTryCompileExec1978584348] ==> ignore
    arg [/usr/lib/gcc/x86_64-linux-gnu/4.8/../../../x86_64-linux-gnu/crt1.o] ==> ignore
    arg [/usr/lib/gcc/x86_64-linux-gnu/4.8/../../../x86_64-linux-gnu/crti.o] ==> ignore
    arg [/usr/lib/gcc/x86_64-linux-gnu/4.8/crtbegin.o] ==> ignore
    arg [-L/usr/lib/gcc/x86_64-linux-gnu/4.8] ==> dir [/usr/lib/gcc/x86_64-linux-gnu/4.8]
    arg [-L/usr/lib/gcc/x86_64-linux-gnu/4.8/../../../x86_64-linux-gnu] ==> dir [/usr/lib/gcc/x86_64-linux-gnu/4.8/../../../x86_64-linux-gnu]
    arg [-L/usr/lib/gcc/x86_64-linux-gnu/4.8/../../../../lib] ==> dir [/usr/lib/gcc/x86_64-linux-gnu/4.8/../../../../lib]
    arg [-L/lib/x86_64-linux-gnu] ==> dir [/lib/x86_64-linux-gnu]
    arg [-L/lib/../lib] ==> dir [/lib/../lib]
    arg [-L/usr/lib/x86_64-linux-gnu] ==> dir [/usr/lib/x86_64-linux-gnu]
    arg [-L/usr/lib/../lib] ==> dir [/usr/lib/../lib]
    arg [-L/usr/lib/gcc/x86_64-linux-gnu/4.8/../../..] ==> dir [/usr/lib/gcc/x86_64-linux-gnu/4.8/../../..]
    arg [CMakeFiles/cmTryCompileExec1978584348.dir/CMakeCXXCompilerABI.cpp.o] ==> ignore
    arg [-lstdc++] ==> lib [stdc++]
    arg [-lm] ==> lib [m]
    arg [-lgcc_s] ==> lib [gcc_s]
    arg [-lgcc] ==> lib [gcc]
    arg [-lc] ==> lib [c]
    arg [-lgcc_s] ==> lib [gcc_s]
    arg [-lgcc] ==> lib [gcc]
    arg [/usr/lib/gcc/x86_64-linux-gnu/4.8/crtend.o] ==> ignore
    arg [/usr/lib/gcc/x86_64-linux-gnu/4.8/../../../x86_64-linux-gnu/crtn.o] ==> ignore
  remove lib [gcc_s]
  remove lib [gcc]
  remove lib [gcc_s]
  remove lib [gcc]
  collapse library dir [/usr/lib/gcc/x86_64-linux-gnu/4.8] ==> [/usr/lib/gcc/x86_64-linux-gnu/4.8]
  collapse library dir [/usr/lib/gcc/x86_64-linux-gnu/4.8/../../../x86_64-linux-gnu] ==> [/usr/lib/x86_64-linux-gnu]
  collapse library dir [/usr/lib/gcc/x86_64-linux-gnu/4.8/../../../../lib] ==> [/usr/lib]
  collapse library dir [/lib/x86_64-linux-gnu] ==> [/lib/x86_64-linux-gnu]
  collapse library dir [/lib/../lib] ==> [/lib]
  collapse library dir [/usr/lib/x86_64-linux-gnu] ==> [/usr/lib/x86_64-linux-gnu]
  collapse library dir [/usr/lib/../lib] ==> [/usr/lib]
  collapse library dir [/usr/lib/gcc/x86_64-linux-gnu/4.8/../../..] ==> [/usr/lib]
  implicit libs: [stdc++;m;c]
  implicit dirs: [/usr/lib/gcc/x86_64-linux-gnu/4.8;/usr/lib/x86_64-linux-gnu;/usr/lib;/lib/x86_64-linux-gnu;/lib]
  implicit fwks: []


Determining if the function XOpenDisplay exists in the /usr/lib/x86_64-linux-gnu/libX11.so;/usr/lib/x86_64-linux-gnu/libXext.so passed with the following output:
Change Dir: /home/nhg/git/test_perception/src/squirrel_perception/dlib_lib/build/dlib-18.17/dlib/build/CMakeFiles/CMakeTmp

Run Build Command:/usr/bin/make "cmTryCompileExec902812903/fast"
make[4]: Entering directory `/home/nhg/git/test_perception/src/squirrel_perception/dlib_lib/build/dlib-18.17/dlib/build/CMakeFiles/CMakeTmp'
/usr/bin/make -f CMakeFiles/cmTryCompileExec902812903.dir/build.make CMakeFiles/cmTryCompileExec902812903.dir/build
make[5]: Entering directory `/home/nhg/git/test_perception/src/squirrel_perception/dlib_lib/build/dlib-18.17/dlib/build/CMakeFiles/CMakeTmp'
/usr/bin/cmake -E cmake_progress_report /home/nhg/git/test_perception/src/squirrel_perception/dlib_lib/build/dlib-18.17/dlib/build/CMakeFiles/CMakeTmp/CMakeFiles 1
Building C object CMakeFiles/cmTryCompileExec902812903.dir/CheckFunctionExists.c.o
/usr/bin/cc   -DCHECK_FUNCTION_EXISTS=XOpenDisplay   -o CMakeFiles/cmTryCompileExec902812903.dir/CheckFunctionExists.c.o   -c /usr/share/cmake-2.8/Modules/CheckFunctionExists.c
Linking C executable cmTryCompileExec902812903
/usr/bin/cmake -E cmake_link_script CMakeFiles/cmTryCompileExec902812903.dir/link.txt --verbose=1
/usr/bin/cc   -DCHECK_FUNCTION_EXISTS=XOpenDisplay    CMakeFiles/cmTryCompileExec902812903.dir/CheckFunctionExists.c.o  -o cmTryCompileExec902812903 -rdynamic -lX11 -lXext 
make[5]: Leaving directory `/home/nhg/git/test_perception/src/squirrel_perception/dlib_lib/build/dlib-18.17/dlib/build/CMakeFiles/CMakeTmp'
make[4]: Leaving directory `/home/nhg/git/test_perception/src/squirrel_perception/dlib_lib/build/dlib-18.17/dlib/build/CMakeFiles/CMakeTmp'


Determining if the function gethostbyname exists passed with the following output:
Change Dir: /home/nhg/git/test_perception/src/squirrel_perception/dlib_lib/build/dlib-18.17/dlib/build/CMakeFiles/CMakeTmp

Run Build Command:/usr/bin/make "cmTryCompileExec1818803835/fast"
make[4]: Entering directory `/home/nhg/git/test_perception/src/squirrel_perception/dlib_lib/build/dlib-18.17/dlib/build/CMakeFiles/CMakeTmp'
/usr/bin/make -f CMakeFiles/cmTryCompileExec1818803835.dir/build.make CMakeFiles/cmTryCompileExec1818803835.dir/build
make[5]: Entering directory `/home/nhg/git/test_perception/src/squirrel_perception/dlib_lib/build/dlib-18.17/dlib/build/CMakeFiles/CMakeTmp'
/usr/bin/cmake -E cmake_progress_report /home/nhg/git/test_perception/src/squirrel_perception/dlib_lib/build/dlib-18.17/dlib/build/CMakeFiles/CMakeTmp/CMakeFiles 1
Building C object CMakeFiles/cmTryCompileExec1818803835.dir/CheckFunctionExists.c.o
/usr/bin/cc   -DCHECK_FUNCTION_EXISTS=gethostbyname   -o CMakeFiles/cmTryCompileExec1818803835.dir/CheckFunctionExists.c.o   -c /usr/share/cmake-2.8/Modules/CheckFunctionExists.c
Linking C executable cmTryCompileExec1818803835
/usr/bin/cmake -E cmake_link_script CMakeFiles/cmTryCompileExec1818803835.dir/link.txt --verbose=1
/usr/bin/cc   -DCHECK_FUNCTION_EXISTS=gethostbyname    CMakeFiles/cmTryCompileExec1818803835.dir/CheckFunctionExists.c.o  -o cmTryCompileExec1818803835 -rdynamic 
make[5]: Leaving directory `/home/nhg/git/test_perception/src/squirrel_perception/dlib_lib/build/dlib-18.17/dlib/build/CMakeFiles/CMakeTmp'
make[4]: Leaving directory `/home/nhg/git/test_perception/src/squirrel_perception/dlib_lib/build/dlib-18.17/dlib/build/CMakeFiles/CMakeTmp'


Determining if the function connect exists passed with the following output:
Change Dir: /home/nhg/git/test_perception/src/squirrel_perception/dlib_lib/build/dlib-18.17/dlib/build/CMakeFiles/CMakeTmp

Run Build Command:/usr/bin/make "cmTryCompileExec4107667463/fast"
make[4]: Entering directory `/home/nhg/git/test_perception/src/squirrel_perception/dlib_lib/build/dlib-18.17/dlib/build/CMakeFiles/CMakeTmp'
/usr/bin/make -f CMakeFiles/cmTryCompileExec4107667463.dir/build.make CMakeFiles/cmTryCompileExec4107667463.dir/build
make[5]: Entering directory `/home/nhg/git/test_perception/src/squirrel_perception/dlib_lib/build/dlib-18.17/dlib/build/CMakeFiles/CMakeTmp'
/usr/bin/cmake -E cmake_progress_report /home/nhg/git/test_perception/src/squirrel_perception/dlib_lib/build/dlib-18.17/dlib/build/CMakeFiles/CMakeTmp/CMakeFiles 1
Building C object CMakeFiles/cmTryCompileExec4107667463.dir/CheckFunctionExists.c.o
/usr/bin/cc   -DCHECK_FUNCTION_EXISTS=connect   -o CMakeFiles/cmTryCompileExec4107667463.dir/CheckFunctionExists.c.o   -c /usr/share/cmake-2.8/Modules/CheckFunctionExists.c
Linking C executable cmTryCompileExec4107667463
/usr/bin/cmake -E cmake_link_script CMakeFiles/cmTryCompileExec4107667463.dir/link.txt --verbose=1
/usr/bin/cc   -DCHECK_FUNCTION_EXISTS=connect    CMakeFiles/cmTryCompileExec4107667463.dir/CheckFunctionExists.c.o  -o cmTryCompileExec4107667463 -rdynamic 
make[5]: Leaving directory `/home/nhg/git/test_perception/src/squirrel_perception/dlib_lib/build/dlib-18.17/dlib/build/CMakeFiles/CMakeTmp'
make[4]: Leaving directory `/home/nhg/git/test_perception/src/squirrel_perception/dlib_lib/build/dlib-18.17/dlib/build/CMakeFiles/CMakeTmp'


Determining if the function remove exists passed with the following output:
Change Dir: /home/nhg/git/test_perception/src/squirrel_perception/dlib_lib/build/dlib-18.17/dlib/build/CMakeFiles/CMakeTmp

Run Build Command:/usr/bin/make "cmTryCompileExec2894051647/fast"
make[4]: Entering directory `/home/nhg/git/test_perception/src/squirrel_perception/dlib_lib/build/dlib-18.17/dlib/build/CMakeFiles/CMakeTmp'
/usr/bin/make -f CMakeFiles/cmTryCompileExec2894051647.dir/build.make CMakeFiles/cmTryCompileExec2894051647.dir/build
make[5]: Entering directory `/home/nhg/git/test_perception/src/squirrel_perception/dlib_lib/build/dlib-18.17/dlib/build/CMakeFiles/CMakeTmp'
/usr/bin/cmake -E cmake_progress_report /home/nhg/git/test_perception/src/squirrel_perception/dlib_lib/build/dlib-18.17/dlib/build/CMakeFiles/CMakeTmp/CMakeFiles 1
Building C object CMakeFiles/cmTryCompileExec2894051647.dir/CheckFunctionExists.c.o
/usr/bin/cc   -DCHECK_FUNCTION_EXISTS=remove   -o CMakeFiles/cmTryCompileExec2894051647.dir/CheckFunctionExists.c.o   -c /usr/share/cmake-2.8/Modules/CheckFunctionExists.c
Linking C executable cmTryCompileExec2894051647
/usr/bin/cmake -E cmake_link_script CMakeFiles/cmTryCompileExec2894051647.dir/link.txt --verbose=1
/usr/bin/cc   -DCHECK_FUNCTION_EXISTS=remove    CMakeFiles/cmTryCompileExec2894051647.dir/CheckFunctionExists.c.o  -o cmTryCompileExec2894051647 -rdynamic 
make[5]: Leaving directory `/home/nhg/git/test_perception/src/squirrel_perception/dlib_lib/build/dlib-18.17/dlib/build/CMakeFiles/CMakeTmp'
make[4]: Leaving directory `/home/nhg/git/test_perception/src/squirrel_perception/dlib_lib/build/dlib-18.17/dlib/build/CMakeFiles/CMakeTmp'


Determining if the function shmat exists passed with the following output:
Change Dir: /home/nhg/git/test_perception/src/squirrel_perception/dlib_lib/build/dlib-18.17/dlib/build/CMakeFiles/CMakeTmp

Run Build Command:/usr/bin/make "cmTryCompileExec2686970418/fast"
make[4]: Entering directory `/home/nhg/git/test_perception/src/squirrel_perception/dlib_lib/build/dlib-18.17/dlib/build/CMakeFiles/CMakeTmp'
/usr/bin/make -f CMakeFiles/cmTryCompileExec2686970418.dir/build.make CMakeFiles/cmTryCompileExec2686970418.dir/build
make[5]: Entering directory `/home/nhg/git/test_perception/src/squirrel_perception/dlib_lib/build/dlib-18.17/dlib/build/CMakeFiles/CMakeTmp'
/usr/bin/cmake -E cmake_progress_report /home/nhg/git/test_perception/src/squirrel_perception/dlib_lib/build/dlib-18.17/dlib/build/CMakeFiles/CMakeTmp/CMakeFiles 1
Building C object CMakeFiles/cmTryCompileExec2686970418.dir/CheckFunctionExists.c.o
/usr/bin/cc   -DCHECK_FUNCTION_EXISTS=shmat   -o CMakeFiles/cmTryCompileExec2686970418.dir/CheckFunctionExists.c.o   -c /usr/share/cmake-2.8/Modules/CheckFunctionExists.c
Linking C executable cmTryCompileExec2686970418
/usr/bin/cmake -E cmake_link_script CMakeFiles/cmTryCompileExec2686970418.dir/link.txt --verbose=1
/usr/bin/cc   -DCHECK_FUNCTION_EXISTS=shmat    CMakeFiles/cmTryCompileExec2686970418.dir/CheckFunctionExists.c.o  -o cmTryCompileExec2686970418 -rdynamic 
make[5]: Leaving directory `/home/nhg/git/test_perception/src/squirrel_perception/dlib_lib/build/dlib-18.17/dlib/build/CMakeFiles/CMakeTmp'
make[4]: Leaving directory `/home/nhg/git/test_perception/src/squirrel_perception/dlib_lib/build/dlib-18.17/dlib/build/CMakeFiles/CMakeTmp'


Determining if the function IceConnectionNumber exists in the ICE passed with the following output:
Change Dir: /home/nhg/git/test_perception/src/squirrel_perception/dlib_lib/build/dlib-18.17/dlib/build/CMakeFiles/CMakeTmp

Run Build Command:/usr/bin/make "cmTryCompileExec3197771230/fast"
make[4]: Entering directory `/home/nhg/git/test_perception/src/squirrel_perception/dlib_lib/build/dlib-18.17/dlib/build/CMakeFiles/CMakeTmp'
/usr/bin/make -f CMakeFiles/cmTryCompileExec3197771230.dir/build.make CMakeFiles/cmTryCompileExec3197771230.dir/build
make[5]: Entering directory `/home/nhg/git/test_perception/src/squirrel_perception/dlib_lib/build/dlib-18.17/dlib/build/CMakeFiles/CMakeTmp'
/usr/bin/cmake -E cmake_progress_report /home/nhg/git/test_perception/src/squirrel_perception/dlib_lib/build/dlib-18.17/dlib/build/CMakeFiles/CMakeTmp/CMakeFiles 1
Building C object CMakeFiles/cmTryCompileExec3197771230.dir/CheckFunctionExists.c.o
/usr/bin/cc   -DCHECK_FUNCTION_EXISTS=IceConnectionNumber   -o CMakeFiles/cmTryCompileExec3197771230.dir/CheckFunctionExists.c.o   -c /usr/share/cmake-2.8/Modules/CheckFunctionExists.c
Linking C executable cmTryCompileExec3197771230
/usr/bin/cmake -E cmake_link_script CMakeFiles/cmTryCompileExec3197771230.dir/link.txt --verbose=1
/usr/bin/cc   -DCHECK_FUNCTION_EXISTS=IceConnectionNumber    CMakeFiles/cmTryCompileExec3197771230.dir/CheckFunctionExists.c.o  -o cmTryCompileExec3197771230 -rdynamic -lICE 
make[5]: Leaving directory `/home/nhg/git/test_perception/src/squirrel_perception/dlib_lib/build/dlib-18.17/dlib/build/CMakeFiles/CMakeTmp'
make[4]: Leaving directory `/home/nhg/git/test_perception/src/squirrel_perception/dlib_lib/build/dlib-18.17/dlib/build/CMakeFiles/CMakeTmp'


Determining if the function png_create_read_struct exists passed with the following output:
Change Dir: /home/nhg/git/test_perception/src/squirrel_perception/dlib_lib/build/dlib-18.17/dlib/build/CMakeFiles/CMakeTmp

Run Build Command:/usr/bin/make "cmTryCompileExec404678907/fast"
make[4]: Entering directory `/home/nhg/git/test_perception/src/squirrel_perception/dlib_lib/build/dlib-18.17/dlib/build/CMakeFiles/CMakeTmp'
/usr/bin/make -f CMakeFiles/cmTryCompileExec404678907.dir/build.make CMakeFiles/cmTryCompileExec404678907.dir/build
make[5]: Entering directory `/home/nhg/git/test_perception/src/squirrel_perception/dlib_lib/build/dlib-18.17/dlib/build/CMakeFiles/CMakeTmp'
/usr/bin/cmake -E cmake_progress_report /home/nhg/git/test_perception/src/squirrel_perception/dlib_lib/build/dlib-18.17/dlib/build/CMakeFiles/CMakeTmp/CMakeFiles 1
Building C object CMakeFiles/cmTryCompileExec404678907.dir/CheckFunctionExists.c.o
/usr/bin/cc   -DCHECK_FUNCTION_EXISTS=png_create_read_struct   -o CMakeFiles/cmTryCompileExec404678907.dir/CheckFunctionExists.c.o   -c /usr/share/cmake-2.8/Modules/CheckFunctionExists.c
Linking C executable cmTryCompileExec404678907
/usr/bin/cmake -E cmake_link_script CMakeFiles/cmTryCompileExec404678907.dir/link.txt --verbose=1
/usr/bin/cc   -DCHECK_FUNCTION_EXISTS=png_create_read_struct    CMakeFiles/cmTryCompileExec404678907.dir/CheckFunctionExists.c.o  -o cmTryCompileExec404678907 -rdynamic -lpng 
make[5]: Leaving directory `/home/nhg/git/test_perception/src/squirrel_perception/dlib_lib/build/dlib-18.17/dlib/build/CMakeFiles/CMakeTmp'
make[4]: Leaving directory `/home/nhg/git/test_perception/src/squirrel_perception/dlib_lib/build/dlib-18.17/dlib/build/CMakeFiles/CMakeTmp'


Determining if the function jpeg_read_header exists passed with the following output:
Change Dir: /home/nhg/git/test_perception/src/squirrel_perception/dlib_lib/build/dlib-18.17/dlib/build/CMakeFiles/CMakeTmp

Run Build Command:/usr/bin/make "cmTryCompileExec3523949252/fast"
make[4]: Entering directory `/home/nhg/git/test_perception/src/squirrel_perception/dlib_lib/build/dlib-18.17/dlib/build/CMakeFiles/CMakeTmp'
/usr/bin/make -f CMakeFiles/cmTryCompileExec3523949252.dir/build.make CMakeFiles/cmTryCompileExec3523949252.dir/build
make[5]: Entering directory `/home/nhg/git/test_perception/src/squirrel_perception/dlib_lib/build/dlib-18.17/dlib/build/CMakeFiles/CMakeTmp'
/usr/bin/cmake -E cmake_progress_report /home/nhg/git/test_perception/src/squirrel_perception/dlib_lib/build/dlib-18.17/dlib/build/CMakeFiles/CMakeTmp/CMakeFiles 1
Building C object CMakeFiles/cmTryCompileExec3523949252.dir/CheckFunctionExists.c.o
/usr/bin/cc   -DCHECK_FUNCTION_EXISTS=jpeg_read_header   -o CMakeFiles/cmTryCompileExec3523949252.dir/CheckFunctionExists.c.o   -c /usr/share/cmake-2.8/Modules/CheckFunctionExists.c
Linking C executable cmTryCompileExec3523949252
/usr/bin/cmake -E cmake_link_script CMakeFiles/cmTryCompileExec3523949252.dir/link.txt --verbose=1
/usr/bin/cc   -DCHECK_FUNCTION_EXISTS=jpeg_read_header    CMakeFiles/cmTryCompileExec3523949252.dir/CheckFunctionExists.c.o  -o cmTryCompileExec3523949252 -rdynamic -ljpeg 
make[5]: Leaving directory `/home/nhg/git/test_perception/src/squirrel_perception/dlib_lib/build/dlib-18.17/dlib/build/CMakeFiles/CMakeTmp'
make[4]: Leaving directory `/home/nhg/git/test_perception/src/squirrel_perception/dlib_lib/build/dlib-18.17/dlib/build/CMakeFiles/CMakeTmp'


Determining if the include file sys/types.h exists passed with the following output:
Change Dir: /home/nhg/git/test_perception/src/squirrel_perception/dlib_lib/build/dlib-18.17/dlib/build/CMakeFiles/CMakeTmp

Run Build Command:/usr/bin/make "cmTryCompileExec2649226823/fast"
make[4]: Entering directory `/home/nhg/git/test_perception/src/squirrel_perception/dlib_lib/build/dlib-18.17/dlib/build/CMakeFiles/CMakeTmp'
/usr/bin/make -f CMakeFiles/cmTryCompileExec2649226823.dir/build.make CMakeFiles/cmTryCompileExec2649226823.dir/build
make[5]: Entering directory `/home/nhg/git/test_perception/src/squirrel_perception/dlib_lib/build/dlib-18.17/dlib/build/CMakeFiles/CMakeTmp'
/usr/bin/cmake -E cmake_progress_report /home/nhg/git/test_perception/src/squirrel_perception/dlib_lib/build/dlib-18.17/dlib/build/CMakeFiles/CMakeTmp/CMakeFiles 1
Building C object CMakeFiles/cmTryCompileExec2649226823.dir/CheckIncludeFile.c.o
/usr/bin/cc    -o CMakeFiles/cmTryCompileExec2649226823.dir/CheckIncludeFile.c.o   -c /home/nhg/git/test_perception/src/squirrel_perception/dlib_lib/build/dlib-18.17/dlib/build/CMakeFiles/CMakeTmp/CheckIncludeFile.c
Linking C executable cmTryCompileExec2649226823
/usr/bin/cmake -E cmake_link_script CMakeFiles/cmTryCompileExec2649226823.dir/link.txt --verbose=1
/usr/bin/cc       CMakeFiles/cmTryCompileExec2649226823.dir/CheckIncludeFile.c.o  -o cmTryCompileExec2649226823 -rdynamic 
make[5]: Leaving directory `/home/nhg/git/test_perception/src/squirrel_perception/dlib_lib/build/dlib-18.17/dlib/build/CMakeFiles/CMakeTmp'
make[4]: Leaving directory `/home/nhg/git/test_perception/src/squirrel_perception/dlib_lib/build/dlib-18.17/dlib/build/CMakeFiles/CMakeTmp'


Determining if the include file stdint.h exists passed with the following output:
Change Dir: /home/nhg/git/test_perception/src/squirrel_perception/dlib_lib/build/dlib-18.17/dlib/build/CMakeFiles/CMakeTmp

Run Build Command:/usr/bin/make "cmTryCompileExec1093231796/fast"
make[4]: Entering directory `/home/nhg/git/test_perception/src/squirrel_perception/dlib_lib/build/dlib-18.17/dlib/build/CMakeFiles/CMakeTmp'
/usr/bin/make -f CMakeFiles/cmTryCompileExec1093231796.dir/build.make CMakeFiles/cmTryCompileExec1093231796.dir/build
make[5]: Entering directory `/home/nhg/git/test_perception/src/squirrel_perception/dlib_lib/build/dlib-18.17/dlib/build/CMakeFiles/CMakeTmp'
/usr/bin/cmake -E cmake_progress_report /home/nhg/git/test_perception/src/squirrel_perception/dlib_lib/build/dlib-18.17/dlib/build/CMakeFiles/CMakeTmp/CMakeFiles 1
Building C object CMakeFiles/cmTryCompileExec1093231796.dir/CheckIncludeFile.c.o
/usr/bin/cc    -o CMakeFiles/cmTryCompileExec1093231796.dir/CheckIncludeFile.c.o   -c /home/nhg/git/test_perception/src/squirrel_perception/dlib_lib/build/dlib-18.17/dlib/build/CMakeFiles/CMakeTmp/CheckIncludeFile.c
Linking C executable cmTryCompileExec1093231796
/usr/bin/cmake -E cmake_link_script CMakeFiles/cmTryCompileExec1093231796.dir/link.txt --verbose=1
/usr/bin/cc       CMakeFiles/cmTryCompileExec1093231796.dir/CheckIncludeFile.c.o  -o cmTryCompileExec1093231796 -rdynamic 
make[5]: Leaving directory `/home/nhg/git/test_perception/src/squirrel_perception/dlib_lib/build/dlib-18.17/dlib/build/CMakeFiles/CMakeTmp'
make[4]: Leaving directory `/home/nhg/git/test_perception/src/squirrel_perception/dlib_lib/build/dlib-18.17/dlib/build/CMakeFiles/CMakeTmp'


Determining if the include file stddef.h exists passed with the following output:
Change Dir: /home/nhg/git/test_perception/src/squirrel_perception/dlib_lib/build/dlib-18.17/dlib/build/CMakeFiles/CMakeTmp

Run Build Command:/usr/bin/make "cmTryCompileExec2599586814/fast"
make[4]: Entering directory `/home/nhg/git/test_perception/src/squirrel_perception/dlib_lib/build/dlib-18.17/dlib/build/CMakeFiles/CMakeTmp'
/usr/bin/make -f CMakeFiles/cmTryCompileExec2599586814.dir/build.make CMakeFiles/cmTryCompileExec2599586814.dir/build
make[5]: Entering directory `/home/nhg/git/test_perception/src/squirrel_perception/dlib_lib/build/dlib-18.17/dlib/build/CMakeFiles/CMakeTmp'
/usr/bin/cmake -E cmake_progress_report /home/nhg/git/test_perception/src/squirrel_perception/dlib_lib/build/dlib-18.17/dlib/build/CMakeFiles/CMakeTmp/CMakeFiles 1
Building C object CMakeFiles/cmTryCompileExec2599586814.dir/CheckIncludeFile.c.o
/usr/bin/cc    -o CMakeFiles/cmTryCompileExec2599586814.dir/CheckIncludeFile.c.o   -c /home/nhg/git/test_perception/src/squirrel_perception/dlib_lib/build/dlib-18.17/dlib/build/CMakeFiles/CMakeTmp/CheckIncludeFile.c
Linking C executable cmTryCompileExec2599586814
/usr/bin/cmake -E cmake_link_script CMakeFiles/cmTryCompileExec2599586814.dir/link.txt --verbose=1
/usr/bin/cc       CMakeFiles/cmTryCompileExec2599586814.dir/CheckIncludeFile.c.o  -o cmTryCompileExec2599586814 -rdynamic 
make[5]: Leaving directory `/home/nhg/git/test_perception/src/squirrel_perception/dlib_lib/build/dlib-18.17/dlib/build/CMakeFiles/CMakeTmp'
make[4]: Leaving directory `/home/nhg/git/test_perception/src/squirrel_perception/dlib_lib/build/dlib-18.17/dlib/build/CMakeFiles/CMakeTmp'


Determining size of void* passed with the following output:
Change Dir: /home/nhg/git/test_perception/src/squirrel_perception/dlib_lib/build/dlib-18.17/dlib/build/CMakeFiles/CMakeTmp

Run Build Command:/usr/bin/make "cmTryCompileExec556070816/fast"
make[4]: Entering directory `/home/nhg/git/test_perception/src/squirrel_perception/dlib_lib/build/dlib-18.17/dlib/build/CMakeFiles/CMakeTmp'
/usr/bin/make -f CMakeFiles/cmTryCompileExec556070816.dir/build.make CMakeFiles/cmTryCompileExec556070816.dir/build
make[5]: Entering directory `/home/nhg/git/test_perception/src/squirrel_perception/dlib_lib/build/dlib-18.17/dlib/build/CMakeFiles/CMakeTmp'
/usr/bin/cmake -E cmake_progress_report /home/nhg/git/test_perception/src/squirrel_perception/dlib_lib/build/dlib-18.17/dlib/build/CMakeFiles/CMakeTmp/CMakeFiles 1
Building C object CMakeFiles/cmTryCompileExec556070816.dir/SIZE_OF_VOID_PTR.c.o
/usr/bin/cc    -o CMakeFiles/cmTryCompileExec556070816.dir/SIZE_OF_VOID_PTR.c.o   -c /home/nhg/git/test_perception/src/squirrel_perception/dlib_lib/build/dlib-18.17/dlib/build/CMakeFiles/CheckTypeSize/SIZE_OF_VOID_PTR.c
Linking C executable cmTryCompileExec556070816
/usr/bin/cmake -E cmake_link_script CMakeFiles/cmTryCompileExec556070816.dir/link.txt --verbose=1
/usr/bin/cc       CMakeFiles/cmTryCompileExec556070816.dir/SIZE_OF_VOID_PTR.c.o  -o cmTryCompileExec556070816 -rdynamic -ljpeg 
make[5]: Leaving directory `/home/nhg/git/test_perception/src/squirrel_perception/dlib_lib/build/dlib-18.17/dlib/build/CMakeFiles/CMakeTmp'
make[4]: Leaving directory `/home/nhg/git/test_perception/src/squirrel_perception/dlib_lib/build/dlib-18.17/dlib/build/CMakeFiles/CMakeTmp'


Determining if the function cblas_ddot exists passed with the following output:
Change Dir: /home/nhg/git/test_perception/src/squirrel_perception/dlib_lib/build/dlib-18.17/dlib/build/CMakeFiles/CMakeTmp

Run Build Command:/usr/bin/make "cmTryCompileExec401134404/fast"
make[4]: Entering directory `/home/nhg/git/test_perception/src/squirrel_perception/dlib_lib/build/dlib-18.17/dlib/build/CMakeFiles/CMakeTmp'
/usr/bin/make -f CMakeFiles/cmTryCompileExec401134404.dir/build.make CMakeFiles/cmTryCompileExec401134404.dir/build
make[5]: Entering directory `/home/nhg/git/test_perception/src/squirrel_perception/dlib_lib/build/dlib-18.17/dlib/build/CMakeFiles/CMakeTmp'
/usr/bin/cmake -E cmake_progress_report /home/nhg/git/test_perception/src/squirrel_perception/dlib_lib/build/dlib-18.17/dlib/build/CMakeFiles/CMakeTmp/CMakeFiles 1
Building C object CMakeFiles/cmTryCompileExec401134404.dir/CheckFunctionExists.c.o
/usr/bin/cc   -DCHECK_FUNCTION_EXISTS=cblas_ddot   -o CMakeFiles/cmTryCompileExec401134404.dir/CheckFunctionExists.c.o   -c /usr/share/cmake-2.8/Modules/CheckFunctionExists.c
Linking C executable cmTryCompileExec401134404
/usr/bin/cmake -E cmake_link_script CMakeFiles/cmTryCompileExec401134404.dir/link.txt --verbose=1
/usr/bin/cc   -DCHECK_FUNCTION_EXISTS=cblas_ddot    CMakeFiles/cmTryCompileExec401134404.dir/CheckFunctionExists.c.o  -o cmTryCompileExec401134404 -rdynamic -lblas 
make[5]: Leaving directory `/home/nhg/git/test_perception/src/squirrel_perception/dlib_lib/build/dlib-18.17/dlib/build/CMakeFiles/CMakeTmp'
make[4]: Leaving directory `/home/nhg/git/test_perception/src/squirrel_perception/dlib_lib/build/dlib-18.17/dlib/build/CMakeFiles/CMakeTmp'


Determining if the CXX compiler has std namespace passed with the following output:
Change Dir: /home/nhg/git/test_perception/src/squirrel_perception/dlib_lib/build/dlib-18.17/dlib/build/CMakeFiles/CMakeTmp

Run Build Command:/usr/bin/make "cmTryCompileExec1624650268/fast"
make[4]: Entering directory `/home/nhg/git/test_perception/src/squirrel_perception/dlib_lib/build/dlib-18.17/dlib/build/CMakeFiles/CMakeTmp'
/usr/bin/make -f CMakeFiles/cmTryCompileExec1624650268.dir/build.make CMakeFiles/cmTryCompileExec1624650268.dir/build
make[5]: Entering directory `/home/nhg/git/test_perception/src/squirrel_perception/dlib_lib/build/dlib-18.17/dlib/build/CMakeFiles/CMakeTmp'
/usr/bin/cmake -E cmake_progress_report /home/nhg/git/test_perception/src/squirrel_perception/dlib_lib/build/dlib-18.17/dlib/build/CMakeFiles/CMakeTmp/CMakeFiles 1
Building CXX object CMakeFiles/cmTryCompileExec1624650268.dir/TestForSTDNamespace.cxx.o
/usr/bin/c++     -o CMakeFiles/cmTryCompileExec1624650268.dir/TestForSTDNamespace.cxx.o -c /usr/share/cmake-2.8/Modules/TestForSTDNamespace.cxx
Linking CXX executable cmTryCompileExec1624650268
/usr/bin/cmake -E cmake_link_script CMakeFiles/cmTryCompileExec1624650268.dir/link.txt --verbose=1
/usr/bin/c++        CMakeFiles/cmTryCompileExec1624650268.dir/TestForSTDNamespace.cxx.o  -o cmTryCompileExec1624650268 -rdynamic 
make[5]: Leaving directory `/home/nhg/git/test_perception/src/squirrel_perception/dlib_lib/build/dlib-18.17/dlib/build/CMakeFiles/CMakeTmp'
make[4]: Leaving directory `/home/nhg/git/test_perception/src/squirrel_perception/dlib_lib/build/dlib-18.17/dlib/build/CMakeFiles/CMakeTmp'


Determining if the include file iostream exists passed with the following output:
Change Dir: /home/nhg/git/test_perception/src/squirrel_perception/dlib_lib/build/dlib-18.17/dlib/build/CMakeFiles/CMakeTmp

Run Build Command:/usr/bin/make "cmTryCompileExec2489737041/fast"
make[4]: Entering directory `/home/nhg/git/test_perception/src/squirrel_perception/dlib_lib/build/dlib-18.17/dlib/build/CMakeFiles/CMakeTmp'
/usr/bin/make -f CMakeFiles/cmTryCompileExec2489737041.dir/build.make CMakeFiles/cmTryCompileExec2489737041.dir/build
make[5]: Entering directory `/home/nhg/git/test_perception/src/squirrel_perception/dlib_lib/build/dlib-18.17/dlib/build/CMakeFiles/CMakeTmp'
/usr/bin/cmake -E cmake_progress_report /home/nhg/git/test_perception/src/squirrel_perception/dlib_lib/build/dlib-18.17/dlib/build/CMakeFiles/CMakeTmp/CMakeFiles 1
Building CXX object CMakeFiles/cmTryCompileExec2489737041.dir/CheckIncludeFile.cxx.o
/usr/bin/c++     -o CMakeFiles/cmTryCompileExec2489737041.dir/CheckIncludeFile.cxx.o -c /home/nhg/git/test_perception/src/squirrel_perception/dlib_lib/build/dlib-18.17/dlib/build/CMakeFiles/CMakeTmp/CheckIncludeFile.cxx
Linking CXX executable cmTryCompileExec2489737041
/usr/bin/cmake -E cmake_link_script CMakeFiles/cmTryCompileExec2489737041.dir/link.txt --verbose=1
/usr/bin/c++        CMakeFiles/cmTryCompileExec2489737041.dir/CheckIncludeFile.cxx.o  -o cmTryCompileExec2489737041 -rdynamic 
make[5]: Leaving directory `/home/nhg/git/test_perception/src/squirrel_perception/dlib_lib/build/dlib-18.17/dlib/build/CMakeFiles/CMakeTmp'
make[4]: Leaving directory `/home/nhg/git/test_perception/src/squirrel_perception/dlib_lib/build/dlib-18.17/dlib/build/CMakeFiles/CMakeTmp'


